[debug] [2021-09-22T15:50:11.037Z] ----------------------------------------------------------------------
[debug] [2021-09-22T15:50:11.039Z] Command:       /usr/local/bin/node /usr/local/bin/firebase init
[debug] [2021-09-22T15:50:11.039Z] CLI Version:   9.12.1
[debug] [2021-09-22T15:50:11.039Z] Platform:      darwin
[debug] [2021-09-22T15:50:11.039Z] Node Version:  v14.17.0
[debug] [2021-09-22T15:50:11.040Z] Time:          Wed Sep 22 2021 16:50:11 GMT+0100 (West Africa Standard Time)
[debug] [2021-09-22T15:50:11.040Z] ----------------------------------------------------------------------
[debug] 
[debug] [2021-09-22T15:50:11.043Z] >>> [apiv2][query] GET https://firebase-public.firebaseio.com/cli.json [none]
[debug] [2021-09-22T15:50:11.061Z] > command requires scopes: ["email","openid","https://www.googleapis.com/auth/cloudplatformprojects.readonly","https://www.googleapis.com/auth/firebase","https://www.googleapis.com/auth/cloud-platform"]
[debug] [2021-09-22T15:50:11.062Z] > authorizing via signed-in user (theodoreimonigie@gmail.com)
[info] 
     ######## #### ########  ######## ########     ###     ######  ########
     ##        ##  ##     ## ##       ##     ##  ##   ##  ##       ##
     ######    ##  ########  ######   ########  #########  ######  ######
     ##        ##  ##    ##  ##       ##     ## ##     ##       ## ##
     ##       #### ##     ## ######## ########  ##     ##  ######  ########

You're about to initialize a Firebase project in this directory:

  /Users/theodore_mca/Desktop/cynthia14/cynthia-obasuyi

[debug] [2021-09-22T15:50:12.383Z] <<< [apiv2][status] GET https://firebase-public.firebaseio.com/cli.json 200
[debug] [2021-09-22T15:50:12.383Z] <<< [apiv2][body] GET https://firebase-public.firebaseio.com/cli.json {"cloudBuildErrorAfter":1594252800000,"cloudBuildWarnAfter":1590019200000,"defaultNode10After":1594252800000,"minVersion":"3.0.5","node8DeploysDisabledAfter":1613390400000,"node8RuntimeDisabledAfter":1615809600000,"node8WarnAfter":1600128000000}
[info] 
=== Project Setup
[info] 
[info] First, let's associate this project directory with a Firebase project.
[info] You can create multiple project aliases by running firebase use --add, 
[info] but for now we'll just set up a default project.
[info] 
[debug] [2021-09-22T15:50:21.462Z] > refreshing access token with scopes: []
[debug] [2021-09-22T15:50:21.463Z] >>> HTTP REQUEST POST https://www.googleapis.com/oauth2/v3/token  
 <request body omitted>
[debug] [2021-09-22T15:50:21.824Z] <<< HTTP RESPONSE 200 {"expires":"Mon, 01 Jan 1990 00:00:00 GMT","cache-control":"no-cache, no-store, max-age=0, must-revalidate","date":"Wed, 22 Sep 2021 15:50:21 GMT","pragma":"no-cache","content-type":"application/json; charset=utf-8","vary":"X-Origin, Referer, Origin,Accept-Encoding","server":"scaffolding on HTTPServer2","x-xss-protection":"0","x-frame-options":"SAMEORIGIN","x-content-type-options":"nosniff","alt-svc":"h3=\":443\"; ma=2592000,h3-29=\":443\"; ma=2592000,h3-T051=\":443\"; ma=2592000,h3-Q050=\":443\"; ma=2592000,h3-Q046=\":443\"; ma=2592000,h3-Q043=\":443\"; ma=2592000,quic=\":443\"; ma=2592000; v=\"46,43\"","accept-ranges":"none","transfer-encoding":"chunked"}
[debug] [2021-09-22T15:50:21.873Z] >>> [apiv2][query] GET https://firebase.googleapis.com/v1beta1/projects pageSize=100
[debug] [2021-09-22T15:50:22.524Z] <<< [apiv2][status] GET https://firebase.googleapis.com/v1beta1/projects 200
[debug] [2021-09-22T15:50:22.524Z] <<< [apiv2][body] GET https://firebase.googleapis.com/v1beta1/projects [omitted]
[info] i  Using project cynthiaobasuyi (cynthiaobasuyi) 
[info] 
=== Hosting Setup
[info] 
[info] Your public directory is the folder (relative to your project directory) that
[info] will contain Hosting assets to be uploaded with firebase deploy. If you
[info] have a build process for your assets, use your build's output directory.
[info] 
[debug] [2021-09-22T15:52:47.203Z] >>> [apiv2][query] GET https://www.gstatic.com/firebasejs/releases.json [none]
[debug] [2021-09-22T15:52:47.553Z] <<< [apiv2][status] GET https://www.gstatic.com/firebasejs/releases.json 200
[debug] [2021-09-22T15:52:47.553Z] <<< [apiv2][body] GET https://www.gstatic.com/firebasejs/releases.json {"current":{"version":"9.0.2","browserURL":"https://www.gstatic.com/firebasejs/9.0.2/firebase.js","packageURL":"https://www.gstatic.com/firebasejs/9.0.2/firebase.tgz"},"live":{"version":"9.0","browserURL":"https://www.gstatic.com/firebasejs/live/9.0/firebase.js","packageURL":"https://www.gstatic.com/firebasejs/live/9.0/firebase.tgz"},"components":{"analytics":"https://www.gstatic.com/firebasejs/9.0.2/firebase-analytics.js","app":"https://www.gstatic.com/firebasejs/9.0.2/firebase-app.js","app-check":"https://www.gstatic.com/firebasejs/9.0.2/firebase-app-check.js","auth":"https://www.gstatic.com/firebasejs/9.0.2/firebase-auth.js","auth/cordova":"https://www.gstatic.com/firebasejs/9.0.2/firebase-auth/cordova.js","auth/react-native":"https://www.gstatic.com/firebasejs/9.0.2/firebase-auth/react-native.js","functions":"https://www.gstatic.com/firebasejs/9.0.2/firebase-functions.js","firestore":"https://www.gstatic.com/firebasejs/9.0.2/firebase-firestore.js","firestore/lite":"https://www.gstatic.com/firebasejs/9.0.2/firebase-firestore/lite.js","storage":"https://www.gstatic.com/firebasejs/9.0.2/firebase-storage.js","performance":"https://www.gstatic.com/firebasejs/9.0.2/firebase-performance.js","remote-config":"https://www.gstatic.com/firebasejs/9.0.2/firebase-remote-config.js","messaging":"https://www.gstatic.com/firebasejs/9.0.2/firebase-messaging.js","messaging/sw":"https://www.gstatic.com/firebasejs/9.0.2/firebase-messaging/sw.js","database":"https://www.gstatic.com/firebasejs/9.0.2/firebase-database.js","firestore.memory":"https://www.gstatic.com/firebasejs/9.0.2/firebase-firestore.memory.js"}}
[info] i  Skipping write of dist/index.html 
[info] 
[info] i  Detected a .git folder at /Users/theodore_mca/Desktop/cynthia14/cynthia-obasuyi 
[info] i  Authorizing with GitHub to upload your service account to a GitHub repository's secrets store. 
[info] 
[info] Visit this URL on this device to log in:
[info] https://github.com/login/oauth/authorize?client_id=89cf50f02ac6aaed3484&state=85103146&redirect_uri=http%3A%2F%2Flocalhost%3A9005&scope=read%3Auser%20repo%20public_repo
[info] 
[info] Waiting for authentication...
[debug] [2021-09-22T15:53:05.472Z] >>> HTTP REQUEST POST https://github.com/login/oauth/access_token  
 {"client_id":"89cf50f02ac6aaed3484","client_secret":"3330d14abc895d9a74d5f17cd7a00711fa2c5bf0","code":"370c11fdbd286e0655f0","redirect_uri":"http://localhost:9005","state":"85103146"}
[debug] [2021-09-22T15:53:06.059Z] <<< HTTP RESPONSE 200 {"server":"GitHub.com","date":"Wed, 22 Sep 2021 15:53:06 GMT","content-type":"application/json; charset=utf-8","transfer-encoding":"chunked","vary":"X-PJAX, X-PJAX-Container, Accept-Encoding, Accept, X-Requested-With","permissions-policy":"interest-cohort=()","etag":"W/\"3266c1d275bc6a43fb4e93c671e4b94e\"","cache-control":"max-age=0, private, must-revalidate","strict-transport-security":"max-age=31536000; includeSubdomains; preload","x-frame-options":"deny","x-content-type-options":"nosniff","x-xss-protection":"0","referrer-policy":"origin-when-cross-origin, strict-origin-when-cross-origin","expect-ct":"max-age=2592000, report-uri=\"https://api.github.com/_private/browser/errors\"","content-security-policy":"default-src 'none'; base-uri 'self'; block-all-mixed-content; child-src github.githubassets.com; connect-src 'self' uploads.github.com www.githubstatus.com collector.githubapp.com api.github.com github-cloud.s3.amazonaws.com github-production-repository-file-5c1aeb.s3.amazonaws.com github-production-upload-manifest-file-7fdce7.s3.amazonaws.com github-production-user-asset-6210df.s3.amazonaws.com cdn.optimizely.com logx.optimizely.com/v1/events translator.github.com wss://alive.github.com; font-src github.githubassets.com; form-action 'self' github.com gist.github.com; frame-ancestors 'none'; frame-src render.githubusercontent.com viewscreen.githubusercontent.com; img-src 'self' data: github.githubassets.com identicons.github.com collector.githubapp.com github-cloud.s3.amazonaws.com secured-user-images.githubusercontent.com/ *.githubusercontent.com; manifest-src 'self'; media-src github.com user-images.githubusercontent.com/; script-src github.githubassets.com; style-src 'unsafe-inline' github.githubassets.com; worker-src github.githubassets.com github.com/socket-worker-0af8a29d.js gist.github.com/socket-worker-0af8a29d.js","x-github-request-id":"2BA6:1345E:79C9C:7D487:614B5161"}
[debug] [2021-09-22T15:53:06.070Z] >>> [apiv2][query] GET https://api.github.com/user [none]
[debug] [2021-09-22T15:53:06.864Z] <<< [apiv2][status] GET https://api.github.com/user 200
[debug] [2021-09-22T15:53:06.864Z] <<< [apiv2][body] GET https://api.github.com/user {"login":"theodoremca","id":35204506,"node_id":"MDQ6VXNlcjM1MjA0NTA2","avatar_url":"https://avatars.githubusercontent.com/u/35204506?v=4","gravatar_id":"","url":"https://api.github.com/users/theodoremca","html_url":"https://github.com/theodoremca","followers_url":"https://api.github.com/users/theodoremca/followers","following_url":"https://api.github.com/users/theodoremca/following{/other_user}","gists_url":"https://api.github.com/users/theodoremca/gists{/gist_id}","starred_url":"https://api.github.com/users/theodoremca/starred{/owner}{/repo}","subscriptions_url":"https://api.github.com/users/theodoremca/subscriptions","organizations_url":"https://api.github.com/users/theodoremca/orgs","repos_url":"https://api.github.com/users/theodoremca/repos","events_url":"https://api.github.com/users/theodoremca/events{/privacy}","received_events_url":"https://api.github.com/users/theodoremca/received_events","type":"User","site_admin":false,"name":"theodore imonigie","company":null,"blog":"","location":"a","email":null,"hireable":null,"bio":null,"twitter_username":null,"public_repos":46,"public_gists":8,"followers":5,"following":15,"created_at":"2018-01-07T23:51:25Z","updated_at":"2021-09-18T09:44:38Z","private_gists":2,"total_private_repos":23,"owned_private_repos":23,"disk_usage":479408,"collaborators":6,"two_factor_authentication":false,"plan":{"name":"free","space":976562499,"collaborators":0,"private_repos":10000}}
[info] 
[info] ✔  Success! Logged into GitHub as theodoremca 
[info] 
